# JRE version: OpenJDK Runtime Environment (8.0_212-b04) (build 1.8.0_212-release-1586-b04)
# Java VM: OpenJDK Server VM (25.212-b04 mixed mode windows-x86 )
Heap:
 PSYoungGen      total 111616K, used 49642K [0x30380000, 0x39fc0000, 0x3ae00000)
  eden space 68352K, 42% used [0x30380000,0x31fd2098,0x34640000)
  from space 43264K, 47% used [0x37580000,0x389a8860,0x39fc0000)
  to   space 45824K, 0% used [0x34640000,0x34640000,0x37300000)
 ParOldGen       total 349696K, used 245925K [0x1ae00000, 0x30380000, 0x30380000)
  object space 349696K, 70% used [0x1ae00000,0x29e297d8,0x30380000)
 Metaspace       used 61018K, capacity 62941K, committed 62976K, reserved 63872K
GC Heap History (10 events):
Event: 365.626 GC heap before
{Heap before GC invocations=38 (full 6):
 PSYoungGen      total 115456K, used 71461K [0x30380000, 0x3aa80000, 0x3ae00000)
  eden space 58624K, 100% used [0x30380000,0x33cc0000,0x33cc0000)
  from space 56832K, 22% used [0x33cc0000,0x34949430,0x37440000)
  to   space 54528K, 0% used [0x37540000,0x37540000,0x3aa80000)
 ParOldGen       total 349696K, used 245909K [0x1ae00000, 0x30380000, 0x30380000)
  object space 349696K, 70% used [0x1ae00000,0x29e257d8,0x30380000)
 Metaspace       used 54989K, capacity 56427K, committed 56576K, reserved 56704K
Event: 365.674 GC heap after
Heap after GC invocations=38 (full 6):
 PSYoungGen      total 110848K, used 15828K [0x30380000, 0x3a4c0000, 0x3ae00000)
  eden space 62208K, 0% used [0x30380000,0x30380000,0x34040000)
  from space 48640K, 32% used [0x37540000,0x384b50e8,0x3a4c0000)
  to   space 51456K, 0% used [0x34040000,0x34040000,0x37280000)
 ParOldGen       total 349696K, used 245909K [0x1ae00000, 0x30380000, 0x30380000)
  object space 349696K, 70% used [0x1ae00000,0x29e257d8,0x30380000)
 Metaspace       used 54989K, capacity 56427K, committed 56576K, reserved 56704K
}
Event: 368.136 GC heap before
{Heap before GC invocations=39 (full 6):
 PSYoungGen      total 110848K, used 78036K [0x30380000, 0x3a4c0000, 0x3ae00000)
  eden space 62208K, 100% used [0x30380000,0x34040000,0x34040000)
  from space 48640K, 32% used [0x37540000,0x384b50e8,0x3a4c0000)
  to   space 51456K, 0% used [0x34040000,0x34040000,0x37280000)
 ParOldGen       total 349696K, used 245909K [0x1ae00000, 0x30380000, 0x30380000)
  object space 349696K, 70% used [0x1ae00000,0x29e257d8,0x30380000)
 Metaspace       used 55581K, capacity 57119K, committed 57216K, reserved 57728K
Event: 368.189 GC heap after
Heap after GC invocations=39 (full 6):
 PSYoungGen      total 113664K, used 19822K [0x30380000, 0x3a280000, 0x3ae00000)
  eden space 62208K, 0% used [0x30380000,0x30380000,0x34040000)
  from space 51456K, 38% used [0x34040000,0x3539b9a8,0x37280000)
  to   space 48640K, 0% used [0x37300000,0x37300000,0x3a280000)
 ParOldGen       total 349696K, used 245913K [0x1ae00000, 0x30380000, 0x30380000)
  object space 349696K, 70% used [0x1ae00000,0x29e267d8,0x30380000)
 Metaspace       used 55581K, capacity 57119K, committed 57216K, reserved 57728K
}
Event: 370.912 GC heap before
{Heap before GC invocations=40 (full 6):
 PSYoungGen      total 113664K, used 82030K [0x30380000, 0x3a280000, 0x3ae00000)
  eden space 62208K, 100% used [0x30380000,0x34040000,0x34040000)
  from space 51456K, 38% used [0x34040000,0x3539b9a8,0x37280000)
  to   space 48640K, 0% used [0x37300000,0x37300000,0x3a280000)
 ParOldGen       total 349696K, used 245913K [0x1ae00000, 0x30380000, 0x30380000)
  object space 349696K, 70% used [0x1ae00000,0x29e267d8,0x30380000)
 Metaspace       used 59129K, capacity 60987K, committed 61056K, reserved 61824K
Event: 370.963 GC heap after
Heap after GC invocations=40 (full 6):
 PSYoungGen      total 113664K, used 28269K [0x30380000, 0x3a380000, 0x3ae00000)
  eden space 65024K, 0% used [0x30380000,0x30380000,0x34300000)
  from space 48640K, 58% used [0x37300000,0x38e9b588,0x3a280000)
  to   space 49152K, 0% used [0x34300000,0x34300000,0x37300000)
 ParOldGen       total 349696K, used 245917K [0x1ae00000, 0x30380000, 0x30380000)
  object space 349696K, 70% used [0x1ae00000,0x29e277d8,0x30380000)
 Metaspace       used 59129K, capacity 60987K, committed 61056K, reserved 61824K
}
Event: 376.556 GC heap before
{Heap before GC invocations=41 (full 6):
 PSYoungGen      total 113664K, used 93266K [0x30380000, 0x3a380000, 0x3ae00000)
  eden space 65024K, 99% used [0x30380000,0x342f94f8,0x34300000)
  from space 48640K, 58% used [0x37300000,0x38e9b588,0x3a280000)
  to   space 49152K, 0% used [0x34300000,0x34300000,0x37300000)
 ParOldGen       total 349696K, used 245917K [0x1ae00000, 0x30380000, 0x30380000)
  object space 349696K, 70% used [0x1ae00000,0x29e277d8,0x30380000)
 Metaspace       used 60761K, capacity 62707K, committed 62720K, reserved 62848K
Event: 376.649 GC heap after
Heap after GC invocations=41 (full 6):
 PSYoungGen      total 114176K, used 26085K [0x30380000, 0x3a4c0000, 0x3ae00000)
  eden space 65024K, 0% used [0x30380000,0x30380000,0x34300000)
  from space 49152K, 53% used [0x34300000,0x35c794b8,0x37300000)
  to   space 48384K, 0% used [0x37580000,0x37580000,0x3a4c0000)
 ParOldGen       total 349696K, used 245921K [0x1ae00000, 0x30380000, 0x30380000)
  object space 349696K, 70% used [0x1ae00000,0x29e287d8,0x30380000)
 Metaspace       used 60761K, capacity 62707K, committed 62720K, reserved 62848K
}
Event: 380.913 GC heap before
{Heap before GC invocations=42 (full 6):
 PSYoungGen      total 114176K, used 91109K [0x30380000, 0x3a4c0000, 0x3ae00000)
  eden space 65024K, 100% used [0x30380000,0x34300000,0x34300000)
  from space 49152K, 53% used [0x34300000,0x35c794b8,0x37300000)
  to   space 48384K, 0% used [0x37580000,0x37580000,0x3a4c0000)
 ParOldGen       total 349696K, used 245921K [0x1ae00000, 0x30380000, 0x30380000)
  object space 349696K, 70% used [0x1ae00000,0x29e287d8,0x30380000)
 Metaspace       used 60919K, capacity 62867K, committed 62976K, reserved 63872K
Event: 381.014 GC heap after
Heap after GC invocations=42 (full 6):
 PSYoungGen      total 111616K, used 20642K [0x30380000, 0x39fc0000, 0x3ae00000)
  eden space 68352K, 0% used [0x30380000,0x30380000,0x34640000)
  from space 43264K, 47% used [0x37580000,0x389a8860,0x39fc0000)
  to   space 45824K, 0% used [0x34640000,0x34640000,0x37300000)
 ParOldGen       total 349696K, used 245925K [0x1ae00000, 0x30380000, 0x30380000)
  object space 349696K, 70% used [0x1ae00000,0x29e297d8,0x30380000)
 Metaspace       used 60919K, capacity 62867K, committed 62976K, reserved 63872K
}

